     1                                  ; Citeste a si apoi b si afiseaza a + b = rezultatul
     2                                  
     3                                  bits 32 
     4                                  global start
     5                                  
     6                                  extern printf, scanf, exit
     7                                  import exit msvcrt.dll
     8                                  import scanf msvcrt.dll
     9                                  import printf msvcrt.dll
    10                                  
    11                                  segment data use32 class = data
    12 00000000 61203D2000000000            message1 dd "a = ", 0
    13 00000008 62203D2000000000            message2 dd "b = ", 0
    14 00000010 612B623D2025640000-         message3 dd "a+b= %d", 0
    14 00000019 000000             
    15 0000001C 00000000                    a dd 0
    16 00000020 00000000                    b dd 0
    17 00000024 25640000                    format dd "%d"
    18 00000028 00000000                    rez dd 0
    19                                  
    20                                  
    21                                  segment code use32 class = code
    22                                  
    23                                  start:
    24                                          
    25                                      ; call printf (format, value)
    26 00000000 68[00000000]                push message1
    27 00000005 FF15[00000000]              call [printf]
    28 0000000B 83C404                      add esp, 4 * 1
    29                                      
    30                                      ; call scanf(format, variable) pt citirea lui a
    31                                      
    32 0000000E 68[1C000000]                push a 
    33 00000013 68[24000000]                push format
    34 00000018 FF15[00000000]              call [scanf]
    35 0000001E 83C408                      add esp, 4 * 2
    36                                      
    37                                      ; call printf
    38 00000021 68[08000000]                push message2
    39 00000026 FF15[00000000]              call [printf]
    40 0000002C 83C404                      add esp, 4 * 1
    41                                      
    42                                      
    43                                      ; call scanf pt citirea lui b
    44 0000002F 68[20000000]                push b
    45 00000034 68[24000000]                push format
    46 00000039 FF15[00000000]              call [scanf]
    47 0000003F 83C408                      add esp, 4 * 2
    48                                      
    49 00000042 A1[1C000000]                mov eax, [a]
    50 00000047 0305[20000000]              add eax, [b]
    51                                      ; eax este egal cu a + b
    52                                      
    53 0000004D 50                          push eax
    54 0000004E 68[10000000]                push message3
    55 00000053 FF15[00000000]              call [printf]
    56 00000059 83C408                      add esp, 4 * 2
    57                                      
    58 0000005C 6A00                        push dword 0
    59 0000005E FF15[00000000]              call [exit]
