     1                                  ; x = a * b + c * d
     2                                  bits 32 
     3                                  
     4                                  global start        
     5                                  
     6                                  extern exit, fopen, fread, fclose, fprintf, printf
     7                                  import exit msvcrt.dll  
     8                                  import fopen msvcrt.dll  
     9                                  import fread msvcrt.dll
    10                                  import fclose msvcrt.dll
    11                                  import fprintf msvcrt.dll
    12                                  import printf msvcrt.dll
    13                                  
    14                                  segment data use32 class=data
    15 00000000 0300                        a dw 3
    16 00000002 0600                        b dw 6 
    17 00000004 0100                        c dw 1
    18 00000006 0800                        d dw 8
    19 00000008 00000000                    x dd 0
    20                                      
    21                                  segment code use32 class=code
    22                                      start:
    23 00000000 66A1[00000000]              mov ax, [a]
    24 00000006 66F725[02000000]            mul word [b]   ; dx:ax = a*b
    25 0000000D 66A3[08000000]              mov word[x], ax  ; low word in the first part
    26 00000013 668915[0A000000]            mov [x+2], dx    ; high word in the secound part4
    27                                      
    28 0000001A 66A1[04000000]              mov ax, [c]
    29 00000020 66F725[06000000]            mul word [d]  ; dx:ax = d*c
    30 00000027 660105[08000000]            add [x], ax
    31 0000002E 661115[0A000000]            adc [x+2], dx
    32                                          
    33                                         
    34                                  
    35 00000035 6A00                        push    dword 0      
    36 00000037 FF15[00000000]              call    [exit]    
