     1                                  ; se citeste din fisierul, se adauga 1 la fiecare octet citit si apoi se scriu octetii rezultati intr-un fisier nou si apoi se redenumeste
     2                                  ;acest nou fisier cu numele fisierului vechi
     3                                  
     4                                  bits 32
     5                                  global start
     6                                  
     7                                  extern exit, fopen, fclose, fread, printf, rename, remove, fwrite, perror
     8                                  
     9                                  import exit msvcrt.dll
    10                                  import fclose msvcrt.dll
    11                                  import fread msvcrt.dll
    12                                  import printf msvcrt.dll
    13                                  import rename msvcrt.dll
    14                                  import remove msvcrt.dll
    15                                  import fwrite msvcrt.dll
    16                                  import fopen msvcrt.dll
    17                                  import perror msvcrt.dll
    18                                  
    19                                  segment data use32 class = data
    20                                  
    21 00000000 74657874312E747874-         file_name1 db 'text1.txt', 0
    21 00000009 00                 
    22 0000000A 74657874322E747874-         file_name2 db 'text2.txt', 0
    22 00000013 00                 
    23 00000014 7200                        read_mod db 'r', 0
    24 00000016 7700                        write_mod db 'w', 0
    25 00000018 00                          c db 0
    26 00000019 FFFFFFFF                    handler1 dd -1
    27 0000001D FFFFFFFF                    handler2 dd -1
    28                                     
    29                                  segment code use32 class = code
    30                                  
    31                                  start:
    32                                          
    33                                      ;call fopen(file_name, mod)
    34 00000000 68[14000000]                push dword read_mod
    35 00000005 68[00000000]                push dword file_name1
    36 0000000A FF15[00000000]              call [fopen]
    37 00000010 83C408                      add esp, 4 * 2
    38                                      
    39 00000013 A3[19000000]                mov dword [handler1], eax 
    40 00000018 83F800                      cmp eax, 0
    41 0000001B 0F848C000000                je final
    42                                      
    43                                      ; call fopen for file 2 with write_mod
    44 00000021 68[16000000]                push dword write_mod
    45 00000026 68[0A000000]                push dword file_name2
    46 0000002B FF15[00000000]              call [fopen]
    47 00000031 83C408                      add esp, 4 * 2
    48                                      
    49 00000034 A3[1D000000]                mov dword [handler2], eax 
    50 00000039 83F800                      cmp eax, 0
    51 0000003C 746F                        je final
    52                                      
    53                                      
    54                                      loop:
    55                                          ; call fread for file 1
    56                                          ; fread(string to load data in, 1, n, handler)
    57 0000003E FF35[19000000]                  push dword [handler1]
    58 00000044 6A01                            push dword 1
    59 00000046 6A01                            push dword 1
    60 00000048 68[18000000]                    push c 
    61 0000004D FF15[00000000]                  call [fread]
    62 00000053 83C410                          add esp, 4 * 4
    63                                          
    64 00000056 83F800                          cmp eax, 0 
    65 00000059 7426                            je close
    66                                          
    67 0000005B 8005[18000000]01                add byte [c] , 1
    68                                          
    69                                          ; call fprintf(handler, mod, value)
    70                                          ;push dword[c]
    71                                          ;push dword "%d"
    72                                          ;push dword [handler2]
    73                                          ;call [fprintf]
    74                                          
    75                                          ; call fwrite(string de unde se citeste, 1, n, handler)
    76 00000062 FF35[1D000000]                  push dword [handler2]
    77 00000068 6A01                            push dword 1
    78 0000006A 6A01                            push dword 1
    79 0000006C 68[18000000]                    push dword c 
    80 00000071 FF15[00000000]                  call [fwrite]
    81 00000077 83C410                          add esp, 4 * 4 
    82                                          
    83 0000007A 83F800                          cmp eax, 0 
    84 0000007D 7402                            je close 
    85                                          
    86 0000007F EBBD                        jmp loop 
    87                                      
    88                                      close:
    89                                          ; call fclose(handler)
    90                                          
    91 00000081 FF35[19000000]                  push dword [handler1]
    92 00000087 FF15[00000000]                  call [fclose]
    93 0000008D 83C404                          add esp, 4 
    94                                          
    95 00000090 FF35[1D000000]                  push dword [handler2]
    96 00000096 FF15[00000000]                  call [fclose]
    97 0000009C 83C404                          add esp, 4 
    98                                          
    99                                          ; call fprint(format, value)
   100 0000009F 6861696369                      push dword "aici"
   101 000000A4 FF15[00000000]                  call [printf]
   102 000000AA 83C404                          add esp, 4
   103                                          
   104                                      
   105                                      final: 
   106 000000AD 6A00                        push dword 0
   107 000000AF FF15[00000000]              call [exit]
   108                                      
